<?xml version="1.0" encoding="UTF-8"?>
<!-- Generated by org.testng.reporters.JUnitXMLReporter -->
<testsuite hostname="Lenovo-PC" name="Default test" tests="4" failures="0" timestamp="12 Dec 2018 09:05:38 GMT" time="0.089" errors="0">
  <testcase name="a2" time="0.009" classname="Testng.AllAnnotation"/>
  <testcase name="signout" time="0.003" classname="Testng.AllAnnotation"/>
  <testcase name="check" time="0.003" classname="Testng.AllAnnotation"/>
  <testcase name="login" time="0.01" classname="Testng.AllAnnotation"/>
</testsuite> <!-- Default test -->
