<?xml version="1.0" encoding="UTF-8"?>
<testng-results skipped="0" failed="0" total="4" passed="4">
  <reporter-output>
  </reporter-output>
  <suite name="Default suite" duration-ms="89" started-at="2018-12-12T09:05:38Z" finished-at="2018-12-12T09:05:38Z">
    <groups>
    </groups>
    <test name="Default test" duration-ms="89" started-at="2018-12-12T09:05:38Z" finished-at="2018-12-12T09:05:38Z">
      <class name="Testng.AllAnnotation">
        <test-method status="PASS" signature="BeforeSuite()[pri:0, instance:Testng.AllAnnotation@224edc67]" name="BeforeSuite" is-config="true" duration-ms="15" started-at="2018-12-12T14:35:38Z" finished-at="2018-12-12T14:35:38Z">
          <reporter-output>
          </reporter-output>
        </test-method> <!-- BeforeSuite -->
        <test-method status="PASS" signature="beforeClass()[pri:0, instance:Testng.AllAnnotation@224edc67]" name="beforeClass" is-config="true" duration-ms="1" started-at="2018-12-12T14:35:38Z" finished-at="2018-12-12T14:35:38Z">
          <reporter-output>
          </reporter-output>
        </test-method> <!-- beforeClass -->
        <test-method status="PASS" signature="beforeMethod()[pri:0, instance:Testng.AllAnnotation@224edc67]" name="beforeMethod" is-config="true" duration-ms="0" started-at="2018-12-12T14:35:38Z" finished-at="2018-12-12T14:35:38Z">
          <reporter-output>
          </reporter-output>
        </test-method> <!-- beforeMethod -->
        <test-method status="PASS" signature="a2()[pri:0, instance:Testng.AllAnnotation@224edc67]" name="a2" duration-ms="9" started-at="2018-12-12T14:35:38Z" finished-at="2018-12-12T14:35:38Z">
          <reporter-output>
          </reporter-output>
        </test-method> <!-- a2 -->
        <test-method status="PASS" signature="afterMethod()[pri:0, instance:Testng.AllAnnotation@224edc67]" name="afterMethod" is-config="true" duration-ms="5" started-at="2018-12-12T14:35:38Z" finished-at="2018-12-12T14:35:38Z">
          <reporter-output>
          </reporter-output>
        </test-method> <!-- afterMethod -->
        <test-method status="PASS" signature="beforeMethod()[pri:0, instance:Testng.AllAnnotation@224edc67]" name="beforeMethod" is-config="true" duration-ms="2" started-at="2018-12-12T14:35:38Z" finished-at="2018-12-12T14:35:38Z">
          <reporter-output>
          </reporter-output>
        </test-method> <!-- beforeMethod -->
        <test-method status="PASS" signature="signout()[pri:0, instance:Testng.AllAnnotation@224edc67]" name="signout" duration-ms="3" started-at="2018-12-12T14:35:38Z" finished-at="2018-12-12T14:35:38Z">
          <reporter-output>
          </reporter-output>
        </test-method> <!-- signout -->
        <test-method status="PASS" signature="afterMethod()[pri:0, instance:Testng.AllAnnotation@224edc67]" name="afterMethod" is-config="true" duration-ms="1" started-at="2018-12-12T14:35:38Z" finished-at="2018-12-12T14:35:38Z">
          <reporter-output>
          </reporter-output>
        </test-method> <!-- afterMethod -->
        <test-method status="PASS" signature="beforeMethod()[pri:0, instance:Testng.AllAnnotation@224edc67]" name="beforeMethod" is-config="true" duration-ms="1" started-at="2018-12-12T14:35:38Z" finished-at="2018-12-12T14:35:38Z">
          <reporter-output>
          </reporter-output>
        </test-method> <!-- beforeMethod -->
        <test-method status="PASS" signature="check()[pri:1, instance:Testng.AllAnnotation@224edc67]" name="check" duration-ms="3" started-at="2018-12-12T14:35:38Z" finished-at="2018-12-12T14:35:38Z">
          <reporter-output>
          </reporter-output>
        </test-method> <!-- check -->
        <test-method status="PASS" signature="afterMethod()[pri:0, instance:Testng.AllAnnotation@224edc67]" name="afterMethod" is-config="true" duration-ms="1" started-at="2018-12-12T14:35:38Z" finished-at="2018-12-12T14:35:38Z">
          <reporter-output>
          </reporter-output>
        </test-method> <!-- afterMethod -->
        <test-method status="PASS" signature="login()[pri:2, instance:Testng.AllAnnotation@224edc67]" name="login" duration-ms="10" started-at="2018-12-12T14:35:38Z" finished-at="2018-12-12T14:35:38Z">
          <reporter-output>
          </reporter-output>
        </test-method> <!-- login -->
        <test-method status="PASS" signature="beforeMethod()[pri:0, instance:Testng.AllAnnotation@224edc67]" name="beforeMethod" is-config="true" duration-ms="0" started-at="2018-12-12T14:35:38Z" finished-at="2018-12-12T14:35:38Z">
          <reporter-output>
          </reporter-output>
        </test-method> <!-- beforeMethod -->
        <test-method status="PASS" signature="afterMethod()[pri:0, instance:Testng.AllAnnotation@224edc67]" name="afterMethod" is-config="true" duration-ms="1" started-at="2018-12-12T14:35:38Z" finished-at="2018-12-12T14:35:38Z">
          <reporter-output>
          </reporter-output>
        </test-method> <!-- afterMethod -->
        <test-method status="PASS" signature="afterClass()[pri:0, instance:Testng.AllAnnotation@224edc67]" name="afterClass" is-config="true" duration-ms="0" started-at="2018-12-12T14:35:38Z" finished-at="2018-12-12T14:35:38Z">
          <reporter-output>
          </reporter-output>
        </test-method> <!-- afterClass -->
      </class> <!-- Testng.AllAnnotation -->
    </test> <!-- Default test -->
  </suite> <!-- Default suite -->
</testng-results>
